{"C:\\Users\\jack0\\Projects\\to-the-pub-backend\\src\\app.js": {"path":"C:\\Users\\jack0\\Projects\\to-the-pub-backend\\src\\app.js","statementMap":{"0":{"start":{"line":1,"column":16},"end":{"line":1,"column":34}},"1":{"start":{"line":2,"column":13},"end":{"line":2,"column":28}},"2":{"start":{"line":3,"column":12},"end":{"line":3,"column":21}},"3":{"start":{"line":6,"column":0},"end":{"line":6,"column":25}},"4":{"start":{"line":9,"column":19},"end":{"line":9,"column":43}},"5":{"start":{"line":10,"column":19},"end":{"line":10,"column":43}},"6":{"start":{"line":11,"column":20},"end":{"line":11,"column":45}},"7":{"start":{"line":15,"column":26},"end":{"line":15,"column":55}},"8":{"start":{"line":16,"column":0},"end":{"line":18,"column":4}},"9":{"start":{"line":20,"column":0},"end":{"line":20,"column":24}},"10":{"start":{"line":23,"column":0},"end":{"line":23,"column":29}},"11":{"start":{"line":25,"column":0},"end":{"line":25,"column":29}},"12":{"start":{"line":27,"column":0},"end":{"line":27,"column":31}},"13":{"start":{"line":29,"column":0},"end":{"line":29,"column":21}}},"fnMap":{},"branchMap":{},"s":{"0":8,"1":8,"2":8,"3":8,"4":8,"5":8,"6":8,"7":8,"8":8,"9":8,"10":8,"11":8,"12":8,"13":8},"f":{},"b":{},"_coverageSchema":"1a1c01bbd47fc00a2c39e90264f33305004495a9","hash":"c2de54641d42e8235d189f74dde4322260a55611"}
,"C:\\Users\\jack0\\Projects\\to-the-pub-backend\\src\\controllers\\bars.js": {"path":"C:\\Users\\jack0\\Projects\\to-the-pub-backend\\src\\controllers\\bars.js","statementMap":{"0":{"start":{"line":1,"column":11},"end":{"line":1,"column":33}},"1":{"start":{"line":2,"column":23},"end":{"line":2,"column":38}},"2":{"start":{"line":24,"column":18},"end":{"line":24,"column":26}},"3":{"start":{"line":28,"column":2},"end":{"line":30,"column":3}},"4":{"start":{"line":29,"column":4},"end":{"line":29,"column":74}},"5":{"start":{"line":32,"column":15},"end":{"line":32,"column":39}},"6":{"start":{"line":33,"column":2},"end":{"line":90,"column":3}},"7":{"start":{"line":34,"column":4},"end":{"line":34,"column":34}},"8":{"start":{"line":36,"column":18},"end":{"line":36,"column":26}},"9":{"start":{"line":37,"column":25},"end":{"line":37,"column":244}},"10":{"start":{"line":38,"column":22},"end":{"line":53,"column":5}},"11":{"start":{"line":54,"column":4},"end":{"line":54,"column":48}},"12":{"start":{"line":57,"column":4},"end":{"line":71,"column":5}},"13":{"start":{"line":58,"column":28},"end":{"line":58,"column":137}},"14":{"start":{"line":59,"column":6},"end":{"line":70,"column":7}},"15":{"start":{"line":60,"column":23},"end":{"line":60,"column":31}},"16":{"start":{"line":61,"column":27},"end":{"line":68,"column":9}},"17":{"start":{"line":69,"column":8},"end":{"line":69,"column":54}},"18":{"start":{"line":74,"column":4},"end":{"line":79,"column":5}},"19":{"start":{"line":75,"column":30},"end":{"line":75,"column":83}},"20":{"start":{"line":76,"column":6},"end":{"line":78,"column":7}},"21":{"start":{"line":77,"column":8},"end":{"line":77,"column":60}},"22":{"start":{"line":81,"column":4},"end":{"line":81,"column":24}},"23":{"start":{"line":83,"column":4},"end":{"line":83,"column":57}},"24":{"start":{"line":85,"column":4},"end":{"line":85,"column":26}},"25":{"start":{"line":86,"column":4},"end":{"line":86,"column":61}},"26":{"start":{"line":87,"column":4},"end":{"line":87,"column":67}},"27":{"start":{"line":89,"column":4},"end":{"line":89,"column":19}},"28":{"start":{"line":98,"column":2},"end":{"line":136,"column":3}},"29":{"start":{"line":99,"column":22},"end":{"line":113,"column":5}},"30":{"start":{"line":115,"column":19},"end":{"line":115,"column":46}},"31":{"start":{"line":118,"column":17},"end":{"line":130,"column":7}},"32":{"start":{"line":118,"column":34},"end":{"line":130,"column":5}},"33":{"start":{"line":121,"column":64},"end":{"line":121,"column":76}},"34":{"start":{"line":122,"column":8},"end":{"line":127,"column":10}},"35":{"start":{"line":132,"column":4},"end":{"line":132,"column":51}},"36":{"start":{"line":134,"column":4},"end":{"line":134,"column":62}},"37":{"start":{"line":135,"column":4},"end":{"line":135,"column":67}},"38":{"start":{"line":144,"column":2},"end":{"line":189,"column":3}},"39":{"start":{"line":145,"column":18},"end":{"line":145,"column":31}},"40":{"start":{"line":147,"column":22},"end":{"line":160,"column":5}},"41":{"start":{"line":162,"column":19},"end":{"line":162,"column":55}},"42":{"start":{"line":164,"column":4},"end":{"line":166,"column":5}},"43":{"start":{"line":165,"column":6},"end":{"line":165,"column":62}},"44":{"start":{"line":168,"column":16},"end":{"line":168,"column":23}},"45":{"start":{"line":171,"column":19},"end":{"line":183,"column":5}},"46":{"start":{"line":174,"column":64},"end":{"line":174,"column":76}},"47":{"start":{"line":175,"column":8},"end":{"line":180,"column":10}},"48":{"start":{"line":185,"column":4},"end":{"line":185,"column":53}},"49":{"start":{"line":187,"column":4},"end":{"line":187,"column":61}},"50":{"start":{"line":188,"column":4},"end":{"line":188,"column":66}},"51":{"start":{"line":197,"column":2},"end":{"line":297,"column":3}},"52":{"start":{"line":198,"column":18},"end":{"line":198,"column":31}},"53":{"start":{"line":199,"column":20},"end":{"line":199,"column":28}},"54":{"start":{"line":200,"column":19},"end":{"line":200,"column":34}},"55":{"start":{"line":203,"column":21},"end":{"line":203,"column":73}},"56":{"start":{"line":204,"column":24},"end":{"line":204,"column":59}},"57":{"start":{"line":206,"column":4},"end":{"line":208,"column":5}},"58":{"start":{"line":207,"column":6},"end":{"line":207,"column":62}},"59":{"start":{"line":210,"column":17},"end":{"line":210,"column":41}},"60":{"start":{"line":211,"column":4},"end":{"line":293,"column":5}},"61":{"start":{"line":212,"column":6},"end":{"line":212,"column":36}},"62":{"start":{"line":215,"column":24},"end":{"line":231,"column":7}},"63":{"start":{"line":233,"column":6},"end":{"line":247,"column":9}},"64":{"start":{"line":250,"column":6},"end":{"line":267,"column":7}},"65":{"start":{"line":252,"column":8},"end":{"line":252,"column":78}},"66":{"start":{"line":255,"column":30},"end":{"line":255,"column":139}},"67":{"start":{"line":256,"column":8},"end":{"line":266,"column":9}},"68":{"start":{"line":257,"column":25},"end":{"line":257,"column":33}},"69":{"start":{"line":258,"column":10},"end":{"line":265,"column":13}},"70":{"start":{"line":270,"column":6},"end":{"line":279,"column":7}},"71":{"start":{"line":272,"column":8},"end":{"line":272,"column":77}},"72":{"start":{"line":275,"column":32},"end":{"line":275,"column":85}},"73":{"start":{"line":276,"column":8},"end":{"line":278,"column":9}},"74":{"start":{"line":277,"column":10},"end":{"line":277,"column":62}},"75":{"start":{"line":281,"column":6},"end":{"line":281,"column":26}},"76":{"start":{"line":283,"column":6},"end":{"line":287,"column":9}},"77":{"start":{"line":289,"column":6},"end":{"line":289,"column":28}},"78":{"start":{"line":290,"column":6},"end":{"line":290,"column":16}},"79":{"start":{"line":292,"column":6},"end":{"line":292,"column":21}},"80":{"start":{"line":295,"column":4},"end":{"line":295,"column":61}},"81":{"start":{"line":296,"column":4},"end":{"line":296,"column":67}},"82":{"start":{"line":305,"column":2},"end":{"line":324,"column":3}},"83":{"start":{"line":306,"column":18},"end":{"line":306,"column":31}},"84":{"start":{"line":307,"column":19},"end":{"line":307,"column":34}},"85":{"start":{"line":309,"column":22},"end":{"line":309,"column":116}},"86":{"start":{"line":310,"column":21},"end":{"line":310,"column":57}},"87":{"start":{"line":312,"column":4},"end":{"line":314,"column":5}},"88":{"start":{"line":313,"column":6},"end":{"line":313,"column":62}},"89":{"start":{"line":316,"column":4},"end":{"line":320,"column":7}},"90":{"start":{"line":322,"column":4},"end":{"line":322,"column":61}},"91":{"start":{"line":323,"column":4},"end":{"line":323,"column":67}},"92":{"start":{"line":327,"column":0},"end":{"line":333,"column":2}}},"fnMap":{"0":{"name":"createBar","decl":{"start":{"line":23,"column":15},"end":{"line":23,"column":24}},"loc":{"start":{"line":23,"column":35},"end":{"line":91,"column":1}},"line":23},"1":{"name":"getAllBars","decl":{"start":{"line":97,"column":15},"end":{"line":97,"column":25}},"loc":{"start":{"line":97,"column":36},"end":{"line":137,"column":1}},"line":97},"2":{"name":"(anonymous_2)","decl":{"start":{"line":118,"column":26},"end":{"line":118,"column":27}},"loc":{"start":{"line":118,"column":34},"end":{"line":130,"column":5}},"line":118},"3":{"name":"(anonymous_3)","decl":{"start":{"line":120,"column":50},"end":{"line":120,"column":51}},"loc":{"start":{"line":120,"column":55},"end":{"line":128,"column":7}},"line":120},"4":{"name":"getBar","decl":{"start":{"line":143,"column":15},"end":{"line":143,"column":21}},"loc":{"start":{"line":143,"column":32},"end":{"line":190,"column":1}},"line":143},"5":{"name":"(anonymous_5)","decl":{"start":{"line":173,"column":50},"end":{"line":173,"column":51}},"loc":{"start":{"line":173,"column":55},"end":{"line":181,"column":7}},"line":173},"6":{"name":"updateBar","decl":{"start":{"line":196,"column":15},"end":{"line":196,"column":24}},"loc":{"start":{"line":196,"column":35},"end":{"line":298,"column":1}},"line":196},"7":{"name":"deleteBar","decl":{"start":{"line":304,"column":15},"end":{"line":304,"column":24}},"loc":{"start":{"line":304,"column":35},"end":{"line":325,"column":1}},"line":304}},"branchMap":{"0":{"loc":{"start":{"line":28,"column":2},"end":{"line":30,"column":3}},"type":"if","locations":[{"start":{"line":28,"column":2},"end":{"line":30,"column":3}},{"start":{},"end":{}}],"line":28},"1":{"loc":{"start":{"line":28,"column":6},"end":{"line":28,"column":131}},"type":"binary-expr","locations":[{"start":{"line":28,"column":6},"end":{"line":28,"column":14}},{"start":{"line":28,"column":18},"end":{"line":28,"column":31}},{"start":{"line":28,"column":35},"end":{"line":28,"column":58}},{"start":{"line":28,"column":62},"end":{"line":28,"column":83}},{"start":{"line":28,"column":86},"end":{"line":28,"column":106}},{"start":{"line":28,"column":109},"end":{"line":28,"column":131}}],"line":28},"2":{"loc":{"start":{"line":41,"column":6},"end":{"line":41,"column":33}},"type":"binary-expr","locations":[{"start":{"line":41,"column":6},"end":{"line":41,"column":25}},{"start":{"line":41,"column":29},"end":{"line":41,"column":33}}],"line":41},"3":{"loc":{"start":{"line":46,"column":6},"end":{"line":46,"column":30}},"type":"binary-expr","locations":[{"start":{"line":46,"column":6},"end":{"line":46,"column":22}},{"start":{"line":46,"column":26},"end":{"line":46,"column":30}}],"line":46},"4":{"loc":{"start":{"line":47,"column":6},"end":{"line":47,"column":31}},"type":"binary-expr","locations":[{"start":{"line":47,"column":6},"end":{"line":47,"column":23}},{"start":{"line":47,"column":27},"end":{"line":47,"column":31}}],"line":47},"5":{"loc":{"start":{"line":48,"column":6},"end":{"line":48,"column":27}},"type":"binary-expr","locations":[{"start":{"line":48,"column":6},"end":{"line":48,"column":19}},{"start":{"line":48,"column":23},"end":{"line":48,"column":27}}],"line":48},"6":{"loc":{"start":{"line":49,"column":6},"end":{"line":49,"column":29}},"type":"binary-expr","locations":[{"start":{"line":49,"column":6},"end":{"line":49,"column":21}},{"start":{"line":49,"column":25},"end":{"line":49,"column":29}}],"line":49},"7":{"loc":{"start":{"line":50,"column":6},"end":{"line":50,"column":31}},"type":"binary-expr","locations":[{"start":{"line":50,"column":6},"end":{"line":50,"column":23}},{"start":{"line":50,"column":27},"end":{"line":50,"column":31}}],"line":50},"8":{"loc":{"start":{"line":51,"column":6},"end":{"line":51,"column":30}},"type":"binary-expr","locations":[{"start":{"line":51,"column":6},"end":{"line":51,"column":22}},{"start":{"line":51,"column":26},"end":{"line":51,"column":30}}],"line":51},"9":{"loc":{"start":{"line":52,"column":6},"end":{"line":52,"column":41}},"type":"cond-expr","locations":[{"start":{"line":52,"column":36},"end":{"line":52,"column":37}},{"start":{"line":52,"column":40},"end":{"line":52,"column":41}}],"line":52},"10":{"loc":{"start":{"line":57,"column":4},"end":{"line":71,"column":5}},"type":"if","locations":[{"start":{"line":57,"column":4},"end":{"line":71,"column":5}},{"start":{},"end":{}}],"line":57},"11":{"loc":{"start":{"line":65,"column":10},"end":{"line":65,"column":29}},"type":"binary-expr","locations":[{"start":{"line":65,"column":10},"end":{"line":65,"column":21}},{"start":{"line":65,"column":25},"end":{"line":65,"column":29}}],"line":65},"12":{"loc":{"start":{"line":66,"column":10},"end":{"line":66,"column":30}},"type":"binary-expr","locations":[{"start":{"line":66,"column":10},"end":{"line":66,"column":22}},{"start":{"line":66,"column":26},"end":{"line":66,"column":30}}],"line":66},"13":{"loc":{"start":{"line":67,"column":10},"end":{"line":67,"column":29}},"type":"cond-expr","locations":[{"start":{"line":67,"column":24},"end":{"line":67,"column":25}},{"start":{"line":67,"column":28},"end":{"line":67,"column":29}}],"line":67},"14":{"loc":{"start":{"line":74,"column":4},"end":{"line":79,"column":5}},"type":"if","locations":[{"start":{"line":74,"column":4},"end":{"line":79,"column":5}},{"start":{},"end":{}}],"line":74},"15":{"loc":{"start":{"line":86,"column":41},"end":{"line":86,"column":59}},"type":"binary-expr","locations":[{"start":{"line":86,"column":41},"end":{"line":86,"column":52}},{"start":{"line":86,"column":56},"end":{"line":86,"column":59}}],"line":86},"16":{"loc":{"start":{"line":120,"column":13},"end":{"line":128,"column":13}},"type":"cond-expr","locations":[{"start":{"line":120,"column":25},"end":{"line":128,"column":8}},{"start":{"line":128,"column":11},"end":{"line":128,"column":13}}],"line":120},"17":{"loc":{"start":{"line":129,"column":12},"end":{"line":129,"column":47}},"type":"cond-expr","locations":[{"start":{"line":129,"column":23},"end":{"line":129,"column":42}},{"start":{"line":129,"column":45},"end":{"line":129,"column":47}}],"line":129},"18":{"loc":{"start":{"line":134,"column":42},"end":{"line":134,"column":60}},"type":"binary-expr","locations":[{"start":{"line":134,"column":42},"end":{"line":134,"column":53}},{"start":{"line":134,"column":57},"end":{"line":134,"column":60}}],"line":134},"19":{"loc":{"start":{"line":164,"column":4},"end":{"line":166,"column":5}},"type":"if","locations":[{"start":{"line":164,"column":4},"end":{"line":166,"column":5}},{"start":{},"end":{}}],"line":164},"20":{"loc":{"start":{"line":164,"column":8},"end":{"line":164,"column":34}},"type":"binary-expr","locations":[{"start":{"line":164,"column":8},"end":{"line":164,"column":13}},{"start":{"line":164,"column":17},"end":{"line":164,"column":34}}],"line":164},"21":{"loc":{"start":{"line":173,"column":13},"end":{"line":181,"column":13}},"type":"cond-expr","locations":[{"start":{"line":173,"column":25},"end":{"line":181,"column":8}},{"start":{"line":181,"column":11},"end":{"line":181,"column":13}}],"line":173},"22":{"loc":{"start":{"line":182,"column":12},"end":{"line":182,"column":47}},"type":"cond-expr","locations":[{"start":{"line":182,"column":23},"end":{"line":182,"column":42}},{"start":{"line":182,"column":45},"end":{"line":182,"column":47}}],"line":182},"23":{"loc":{"start":{"line":187,"column":41},"end":{"line":187,"column":59}},"type":"binary-expr","locations":[{"start":{"line":187,"column":41},"end":{"line":187,"column":52}},{"start":{"line":187,"column":56},"end":{"line":187,"column":59}}],"line":187},"24":{"loc":{"start":{"line":206,"column":4},"end":{"line":208,"column":5}},"type":"if","locations":[{"start":{"line":206,"column":4},"end":{"line":208,"column":5}},{"start":{},"end":{}}],"line":206},"25":{"loc":{"start":{"line":206,"column":8},"end":{"line":206,"column":44}},"type":"binary-expr","locations":[{"start":{"line":206,"column":8},"end":{"line":206,"column":18}},{"start":{"line":206,"column":22},"end":{"line":206,"column":44}}],"line":206},"26":{"loc":{"start":{"line":234,"column":8},"end":{"line":234,"column":28}},"type":"binary-expr","locations":[{"start":{"line":234,"column":8},"end":{"line":234,"column":20}},{"start":{"line":234,"column":24},"end":{"line":234,"column":28}}],"line":234},"27":{"loc":{"start":{"line":235,"column":8},"end":{"line":235,"column":35}},"type":"binary-expr","locations":[{"start":{"line":235,"column":8},"end":{"line":235,"column":27}},{"start":{"line":235,"column":31},"end":{"line":235,"column":35}}],"line":235},"28":{"loc":{"start":{"line":236,"column":8},"end":{"line":236,"column":38}},"type":"binary-expr","locations":[{"start":{"line":236,"column":8},"end":{"line":236,"column":30}},{"start":{"line":236,"column":34},"end":{"line":236,"column":38}}],"line":236},"29":{"loc":{"start":{"line":237,"column":8},"end":{"line":237,"column":36}},"type":"binary-expr","locations":[{"start":{"line":237,"column":8},"end":{"line":237,"column":28}},{"start":{"line":237,"column":32},"end":{"line":237,"column":36}}],"line":237},"30":{"loc":{"start":{"line":238,"column":8},"end":{"line":238,"column":37}},"type":"binary-expr","locations":[{"start":{"line":238,"column":8},"end":{"line":238,"column":29}},{"start":{"line":238,"column":33},"end":{"line":238,"column":37}}],"line":238},"31":{"loc":{"start":{"line":239,"column":8},"end":{"line":239,"column":35}},"type":"binary-expr","locations":[{"start":{"line":239,"column":8},"end":{"line":239,"column":27}},{"start":{"line":239,"column":31},"end":{"line":239,"column":35}}],"line":239},"32":{"loc":{"start":{"line":240,"column":8},"end":{"line":240,"column":32}},"type":"binary-expr","locations":[{"start":{"line":240,"column":8},"end":{"line":240,"column":24}},{"start":{"line":240,"column":28},"end":{"line":240,"column":32}}],"line":240},"33":{"loc":{"start":{"line":241,"column":8},"end":{"line":241,"column":33}},"type":"binary-expr","locations":[{"start":{"line":241,"column":8},"end":{"line":241,"column":25}},{"start":{"line":241,"column":29},"end":{"line":241,"column":33}}],"line":241},"34":{"loc":{"start":{"line":242,"column":8},"end":{"line":242,"column":29}},"type":"binary-expr","locations":[{"start":{"line":242,"column":8},"end":{"line":242,"column":21}},{"start":{"line":242,"column":25},"end":{"line":242,"column":29}}],"line":242},"35":{"loc":{"start":{"line":243,"column":8},"end":{"line":243,"column":31}},"type":"binary-expr","locations":[{"start":{"line":243,"column":8},"end":{"line":243,"column":23}},{"start":{"line":243,"column":27},"end":{"line":243,"column":31}}],"line":243},"36":{"loc":{"start":{"line":244,"column":8},"end":{"line":244,"column":33}},"type":"binary-expr","locations":[{"start":{"line":244,"column":8},"end":{"line":244,"column":25}},{"start":{"line":244,"column":29},"end":{"line":244,"column":33}}],"line":244},"37":{"loc":{"start":{"line":245,"column":8},"end":{"line":245,"column":32}},"type":"binary-expr","locations":[{"start":{"line":245,"column":8},"end":{"line":245,"column":24}},{"start":{"line":245,"column":28},"end":{"line":245,"column":32}}],"line":245},"38":{"loc":{"start":{"line":250,"column":6},"end":{"line":267,"column":7}},"type":"if","locations":[{"start":{"line":250,"column":6},"end":{"line":267,"column":7}},{"start":{},"end":{}}],"line":250},"39":{"loc":{"start":{"line":262,"column":12},"end":{"line":262,"column":31}},"type":"binary-expr","locations":[{"start":{"line":262,"column":12},"end":{"line":262,"column":23}},{"start":{"line":262,"column":27},"end":{"line":262,"column":31}}],"line":262},"40":{"loc":{"start":{"line":263,"column":12},"end":{"line":263,"column":32}},"type":"binary-expr","locations":[{"start":{"line":263,"column":12},"end":{"line":263,"column":24}},{"start":{"line":263,"column":28},"end":{"line":263,"column":32}}],"line":263},"41":{"loc":{"start":{"line":264,"column":12},"end":{"line":264,"column":31}},"type":"cond-expr","locations":[{"start":{"line":264,"column":26},"end":{"line":264,"column":27}},{"start":{"line":264,"column":30},"end":{"line":264,"column":31}}],"line":264},"42":{"loc":{"start":{"line":270,"column":6},"end":{"line":279,"column":7}},"type":"if","locations":[{"start":{"line":270,"column":6},"end":{"line":279,"column":7}},{"start":{},"end":{}}],"line":270},"43":{"loc":{"start":{"line":295,"column":41},"end":{"line":295,"column":59}},"type":"binary-expr","locations":[{"start":{"line":295,"column":41},"end":{"line":295,"column":52}},{"start":{"line":295,"column":56},"end":{"line":295,"column":59}}],"line":295},"44":{"loc":{"start":{"line":312,"column":4},"end":{"line":314,"column":5}},"type":"if","locations":[{"start":{"line":312,"column":4},"end":{"line":314,"column":5}},{"start":{},"end":{}}],"line":312},"45":{"loc":{"start":{"line":322,"column":41},"end":{"line":322,"column":59}},"type":"binary-expr","locations":[{"start":{"line":322,"column":41},"end":{"line":322,"column":52}},{"start":{"line":322,"column":56},"end":{"line":322,"column":59}}],"line":322}},"s":{"0":8,"1":8,"2":9,"3":9,"4":3,"5":6,"6":6,"7":6,"8":6,"9":6,"10":6,"11":6,"12":5,"13":3,"14":3,"15":4,"16":4,"17":4,"18":5,"19":3,"20":3,"21":4,"22":5,"23":5,"24":1,"25":1,"26":1,"27":6,"28":8,"29":8,"30":8,"31":5,"32":3,"33":2,"34":2,"35":5,"36":3,"37":3,"38":5,"39":5,"40":5,"41":5,"42":4,"43":2,"44":2,"45":2,"46":2,"47":2,"48":2,"49":1,"50":1,"51":6,"52":6,"53":6,"54":6,"55":6,"56":6,"57":6,"58":2,"59":4,"60":4,"61":4,"62":4,"63":4,"64":3,"65":1,"66":1,"67":1,"68":1,"69":1,"70":3,"71":0,"72":0,"73":0,"74":0,"75":3,"76":3,"77":1,"78":1,"79":4,"80":1,"81":1,"82":5,"83":5,"84":5,"85":5,"86":5,"87":4,"88":2,"89":2,"90":1,"91":1,"92":8},"f":{"0":9,"1":8,"2":3,"3":2,"4":5,"5":2,"6":6,"7":5},"b":{"0":[3,6],"1":[9,9,8,6,6,6],"2":[6,4],"3":[6,4],"4":[6,4],"5":[6,3],"6":[6,3],"7":[6,4],"8":[6,4],"9":[0,6],"10":[3,2],"11":[4,0],"12":[4,0],"13":[0,4],"14":[3,2],"15":[1,0],"16":[1,2],"17":[1,2],"18":[3,0],"19":[2,2],"20":[4,4],"21":[1,1],"22":[1,1],"23":[1,0],"24":[2,4],"25":[6,6],"26":[4,0],"27":[4,1],"28":[4,3],"29":[4,4],"30":[4,4],"31":[4,4],"32":[4,4],"33":[4,4],"34":[4,0],"35":[4,4],"36":[4,4],"37":[4,4],"38":[1,2],"39":[1,0],"40":[1,0],"41":[0,1],"42":[0,3],"43":[1,0],"44":[2,2],"45":[1,0]},"_coverageSchema":"1a1c01bbd47fc00a2c39e90264f33305004495a9","hash":"82b1ca2e045a89f7ece46392ecf39eacac7e0c47"}
,"C:\\Users\\jack0\\Projects\\to-the-pub-backend\\src\\controllers\\tags.js": {"path":"C:\\Users\\jack0\\Projects\\to-the-pub-backend\\src\\controllers\\tags.js","statementMap":{"0":{"start":{"line":1,"column":11},"end":{"line":1,"column":33}},"1":{"start":{"line":2,"column":23},"end":{"line":2,"column":38}},"2":{"start":{"line":9,"column":2},"end":{"line":15,"column":3}},"3":{"start":{"line":10,"column":19},"end":{"line":10,"column":98}},"4":{"start":{"line":11,"column":4},"end":{"line":11,"column":36}},"5":{"start":{"line":13,"column":4},"end":{"line":13,"column":62}},"6":{"start":{"line":14,"column":4},"end":{"line":14,"column":67}},"7":{"start":{"line":24,"column":2},"end":{"line":55,"column":3}},"8":{"start":{"line":25,"column":31},"end":{"line":25,"column":39}},"9":{"start":{"line":26,"column":19},"end":{"line":26,"column":34}},"10":{"start":{"line":28,"column":4},"end":{"line":30,"column":5}},"11":{"start":{"line":29,"column":6},"end":{"line":29,"column":69}},"12":{"start":{"line":32,"column":18},"end":{"line":32,"column":26}},"13":{"start":{"line":33,"column":22},"end":{"line":33,"column":78}},"14":{"start":{"line":35,"column":21},"end":{"line":39,"column":6}},"15":{"start":{"line":41,"column":4},"end":{"line":45,"column":7}},"16":{"start":{"line":47,"column":4},"end":{"line":47,"column":61}},"17":{"start":{"line":50,"column":4},"end":{"line":52,"column":5}},"18":{"start":{"line":51,"column":6},"end":{"line":51,"column":72}},"19":{"start":{"line":54,"column":4},"end":{"line":54,"column":67}},"20":{"start":{"line":63,"column":2},"end":{"line":97,"column":3}},"21":{"start":{"line":64,"column":18},"end":{"line":64,"column":31}},"22":{"start":{"line":65,"column":31},"end":{"line":65,"column":39}},"23":{"start":{"line":66,"column":19},"end":{"line":66,"column":34}},"24":{"start":{"line":68,"column":4},"end":{"line":70,"column":5}},"25":{"start":{"line":69,"column":6},"end":{"line":69,"column":69}},"26":{"start":{"line":72,"column":22},"end":{"line":72,"column":75}},"27":{"start":{"line":73,"column":21},"end":{"line":77,"column":6}},"28":{"start":{"line":79,"column":4},"end":{"line":81,"column":5}},"29":{"start":{"line":80,"column":6},"end":{"line":80,"column":62}},"30":{"start":{"line":83,"column":4},"end":{"line":87,"column":7}},"31":{"start":{"line":89,"column":4},"end":{"line":89,"column":61}},"32":{"start":{"line":92,"column":4},"end":{"line":94,"column":5}},"33":{"start":{"line":93,"column":6},"end":{"line":93,"column":72}},"34":{"start":{"line":96,"column":4},"end":{"line":96,"column":67}},"35":{"start":{"line":106,"column":2},"end":{"line":135,"column":3}},"36":{"start":{"line":107,"column":18},"end":{"line":107,"column":31}},"37":{"start":{"line":108,"column":19},"end":{"line":108,"column":34}},"38":{"start":{"line":111,"column":26},"end":{"line":111,"column":83}},"39":{"start":{"line":112,"column":24},"end":{"line":112,"column":64}},"40":{"start":{"line":114,"column":4},"end":{"line":118,"column":5}},"41":{"start":{"line":115,"column":6},"end":{"line":117,"column":9}},"42":{"start":{"line":120,"column":22},"end":{"line":120,"column":53}},"43":{"start":{"line":121,"column":21},"end":{"line":121,"column":57}},"44":{"start":{"line":123,"column":4},"end":{"line":125,"column":5}},"45":{"start":{"line":124,"column":6},"end":{"line":124,"column":62}},"46":{"start":{"line":127,"column":4},"end":{"line":131,"column":7}},"47":{"start":{"line":133,"column":4},"end":{"line":133,"column":61}},"48":{"start":{"line":134,"column":4},"end":{"line":134,"column":67}},"49":{"start":{"line":138,"column":0},"end":{"line":143,"column":2}}},"fnMap":{"0":{"name":"getAllTags","decl":{"start":{"line":8,"column":15},"end":{"line":8,"column":25}},"loc":{"start":{"line":8,"column":36},"end":{"line":16,"column":1}},"line":8},"1":{"name":"createTag","decl":{"start":{"line":23,"column":15},"end":{"line":23,"column":24}},"loc":{"start":{"line":23,"column":35},"end":{"line":56,"column":1}},"line":23},"2":{"name":"updateTag","decl":{"start":{"line":62,"column":15},"end":{"line":62,"column":24}},"loc":{"start":{"line":62,"column":35},"end":{"line":98,"column":1}},"line":62},"3":{"name":"deleteTag","decl":{"start":{"line":105,"column":15},"end":{"line":105,"column":24}},"loc":{"start":{"line":105,"column":35},"end":{"line":136,"column":1}},"line":105}},"branchMap":{"0":{"loc":{"start":{"line":13,"column":42},"end":{"line":13,"column":60}},"type":"binary-expr","locations":[{"start":{"line":13,"column":42},"end":{"line":13,"column":53}},{"start":{"line":13,"column":57},"end":{"line":13,"column":60}}],"line":13},"1":{"loc":{"start":{"line":28,"column":4},"end":{"line":30,"column":5}},"type":"if","locations":[{"start":{"line":28,"column":4},"end":{"line":30,"column":5}},{"start":{},"end":{}}],"line":28},"2":{"loc":{"start":{"line":38,"column":6},"end":{"line":38,"column":39}},"type":"cond-expr","locations":[{"start":{"line":38,"column":17},"end":{"line":38,"column":32}},{"start":{"line":38,"column":35},"end":{"line":38,"column":39}}],"line":38},"3":{"loc":{"start":{"line":44,"column":54},"end":{"line":44,"column":70}},"type":"binary-expr","locations":[{"start":{"line":44,"column":54},"end":{"line":44,"column":62}},{"start":{"line":44,"column":66},"end":{"line":44,"column":70}}],"line":44},"4":{"loc":{"start":{"line":47,"column":41},"end":{"line":47,"column":59}},"type":"binary-expr","locations":[{"start":{"line":47,"column":41},"end":{"line":47,"column":52}},{"start":{"line":47,"column":56},"end":{"line":47,"column":59}}],"line":47},"5":{"loc":{"start":{"line":50,"column":4},"end":{"line":52,"column":5}},"type":"if","locations":[{"start":{"line":50,"column":4},"end":{"line":52,"column":5}},{"start":{},"end":{}}],"line":50},"6":{"loc":{"start":{"line":50,"column":8},"end":{"line":50,"column":42}},"type":"binary-expr","locations":[{"start":{"line":50,"column":8},"end":{"line":50,"column":11}},{"start":{"line":50,"column":15},"end":{"line":50,"column":42}}],"line":50},"7":{"loc":{"start":{"line":68,"column":4},"end":{"line":70,"column":5}},"type":"if","locations":[{"start":{"line":68,"column":4},"end":{"line":70,"column":5}},{"start":{},"end":{}}],"line":68},"8":{"loc":{"start":{"line":75,"column":6},"end":{"line":75,"column":39}},"type":"cond-expr","locations":[{"start":{"line":75,"column":17},"end":{"line":75,"column":32}},{"start":{"line":75,"column":35},"end":{"line":75,"column":39}}],"line":75},"9":{"loc":{"start":{"line":79,"column":4},"end":{"line":81,"column":5}},"type":"if","locations":[{"start":{"line":79,"column":4},"end":{"line":81,"column":5}},{"start":{},"end":{}}],"line":79},"10":{"loc":{"start":{"line":86,"column":54},"end":{"line":86,"column":70}},"type":"binary-expr","locations":[{"start":{"line":86,"column":54},"end":{"line":86,"column":62}},{"start":{"line":86,"column":66},"end":{"line":86,"column":70}}],"line":86},"11":{"loc":{"start":{"line":89,"column":41},"end":{"line":89,"column":59}},"type":"binary-expr","locations":[{"start":{"line":89,"column":41},"end":{"line":89,"column":52}},{"start":{"line":89,"column":56},"end":{"line":89,"column":59}}],"line":89},"12":{"loc":{"start":{"line":92,"column":4},"end":{"line":94,"column":5}},"type":"if","locations":[{"start":{"line":92,"column":4},"end":{"line":94,"column":5}},{"start":{},"end":{}}],"line":92},"13":{"loc":{"start":{"line":92,"column":8},"end":{"line":92,"column":42}},"type":"binary-expr","locations":[{"start":{"line":92,"column":8},"end":{"line":92,"column":11}},{"start":{"line":92,"column":15},"end":{"line":92,"column":42}}],"line":92},"14":{"loc":{"start":{"line":114,"column":4},"end":{"line":118,"column":5}},"type":"if","locations":[{"start":{"line":114,"column":4},"end":{"line":118,"column":5}},{"start":{},"end":{}}],"line":114},"15":{"loc":{"start":{"line":123,"column":4},"end":{"line":125,"column":5}},"type":"if","locations":[{"start":{"line":123,"column":4},"end":{"line":125,"column":5}},{"start":{},"end":{}}],"line":123},"16":{"loc":{"start":{"line":133,"column":41},"end":{"line":133,"column":59}},"type":"binary-expr","locations":[{"start":{"line":133,"column":41},"end":{"line":133,"column":52}},{"start":{"line":133,"column":56},"end":{"line":133,"column":59}}],"line":133}},"s":{"0":8,"1":8,"2":10,"3":10,"4":7,"5":3,"6":3,"7":11,"8":11,"9":11,"10":11,"11":3,"12":8,"13":8,"14":8,"15":5,"16":3,"17":3,"18":2,"19":1,"20":9,"21":9,"22":9,"23":9,"24":9,"25":2,"26":7,"27":7,"28":6,"29":3,"30":3,"31":1,"32":1,"33":1,"34":0,"35":9,"36":9,"37":9,"38":9,"39":9,"40":8,"41":2,"42":6,"43":6,"44":5,"45":3,"46":2,"47":2,"48":2,"49":8},"f":{"0":10,"1":11,"2":9,"3":9},"b":{"0":[3,0],"1":[3,8],"2":[5,3],"3":[5,2],"4":[3,0],"5":[2,1],"6":[3,3],"7":[2,7],"8":[2,5],"9":[3,3],"10":[3,1],"11":[1,0],"12":[1,0],"13":[1,1],"14":[2,6],"15":[3,2],"16":[2,0]},"_coverageSchema":"1a1c01bbd47fc00a2c39e90264f33305004495a9","hash":"8420415d4c6b6494d211b165938a6c2f12afe729"}
,"C:\\Users\\jack0\\Projects\\to-the-pub-backend\\src\\controllers\\users.js": {"path":"C:\\Users\\jack0\\Projects\\to-the-pub-backend\\src\\controllers\\users.js","statementMap":{"0":{"start":{"line":1,"column":11},"end":{"line":1,"column":33}},"1":{"start":{"line":2,"column":23},"end":{"line":2,"column":38}},"2":{"start":{"line":3,"column":15},"end":{"line":3,"column":34}},"3":{"start":{"line":4,"column":12},"end":{"line":4,"column":35}},"4":{"start":{"line":18,"column":18},"end":{"line":18,"column":26}},"5":{"start":{"line":19,"column":2},"end":{"line":21,"column":3}},"6":{"start":{"line":20,"column":4},"end":{"line":20,"column":78}},"7":{"start":{"line":23,"column":16},"end":{"line":23,"column":50}},"8":{"start":{"line":24,"column":19},"end":{"line":24,"column":35}},"9":{"start":{"line":25,"column":19},"end":{"line":25,"column":44}},"10":{"start":{"line":28,"column":2},"end":{"line":30,"column":3}},"11":{"start":{"line":29,"column":4},"end":{"line":29,"column":85}},"12":{"start":{"line":33,"column":21},"end":{"line":33,"column":23}},"13":{"start":{"line":34,"column":23},"end":{"line":34,"column":62}},"14":{"start":{"line":36,"column":17},"end":{"line":36,"column":25}},"15":{"start":{"line":37,"column":15},"end":{"line":37,"column":28}},"16":{"start":{"line":39,"column":20},"end":{"line":39,"column":110}},"17":{"start":{"line":40,"column":2},"end":{"line":50,"column":3}},"18":{"start":{"line":41,"column":21},"end":{"line":41,"column":95}},"19":{"start":{"line":42,"column":4},"end":{"line":42,"column":92}},"20":{"start":{"line":44,"column":4},"end":{"line":44,"column":62}},"21":{"start":{"line":46,"column":4},"end":{"line":48,"column":5}},"22":{"start":{"line":47,"column":6},"end":{"line":47,"column":69}},"23":{"start":{"line":49,"column":4},"end":{"line":49,"column":68}},"24":{"start":{"line":60,"column":18},"end":{"line":60,"column":26}},"25":{"start":{"line":61,"column":2},"end":{"line":63,"column":3}},"26":{"start":{"line":62,"column":4},"end":{"line":62,"column":78}},"27":{"start":{"line":65,"column":16},"end":{"line":65,"column":50}},"28":{"start":{"line":66,"column":19},"end":{"line":66,"column":35}},"29":{"start":{"line":68,"column":2},"end":{"line":109,"column":3}},"30":{"start":{"line":70,"column":22},"end":{"line":70,"column":111}},"31":{"start":{"line":72,"column":19},"end":{"line":72,"column":55}},"32":{"start":{"line":73,"column":4},"end":{"line":75,"column":5}},"33":{"start":{"line":74,"column":6},"end":{"line":74,"column":68}},"34":{"start":{"line":77,"column":17},"end":{"line":77,"column":24}},"35":{"start":{"line":80,"column":18},"end":{"line":80,"column":68}},"36":{"start":{"line":81,"column":4},"end":{"line":83,"column":5}},"37":{"start":{"line":82,"column":6},"end":{"line":82,"column":68}},"38":{"start":{"line":86,"column":23},"end":{"line":90,"column":5}},"39":{"start":{"line":92,"column":18},"end":{"line":94,"column":6}},"40":{"start":{"line":97,"column":4},"end":{"line":105,"column":7}},"41":{"start":{"line":107,"column":4},"end":{"line":107,"column":59}},"42":{"start":{"line":108,"column":4},"end":{"line":108,"column":59}},"43":{"start":{"line":117,"column":2},"end":{"line":141,"column":3}},"44":{"start":{"line":118,"column":19},"end":{"line":118,"column":34}},"45":{"start":{"line":120,"column":22},"end":{"line":120,"column":105}},"46":{"start":{"line":121,"column":19},"end":{"line":121,"column":56}},"47":{"start":{"line":123,"column":4},"end":{"line":125,"column":5}},"48":{"start":{"line":124,"column":6},"end":{"line":124,"column":63}},"49":{"start":{"line":127,"column":17},"end":{"line":127,"column":24}},"50":{"start":{"line":128,"column":4},"end":{"line":137,"column":7}},"51":{"start":{"line":139,"column":4},"end":{"line":139,"column":69}},"52":{"start":{"line":140,"column":4},"end":{"line":140,"column":73}},"53":{"start":{"line":149,"column":2},"end":{"line":172,"column":3}},"54":{"start":{"line":150,"column":19},"end":{"line":150,"column":34}},"55":{"start":{"line":151,"column":26},"end":{"line":151,"column":34}},"56":{"start":{"line":153,"column":4},"end":{"line":155,"column":5}},"57":{"start":{"line":154,"column":6},"end":{"line":154,"column":70}},"58":{"start":{"line":157,"column":22},"end":{"line":157,"column":71}},"59":{"start":{"line":158,"column":21},"end":{"line":158,"column":69}},"60":{"start":{"line":160,"column":4},"end":{"line":162,"column":5}},"61":{"start":{"line":161,"column":6},"end":{"line":161,"column":63}},"62":{"start":{"line":164,"column":4},"end":{"line":168,"column":7}},"63":{"start":{"line":170,"column":4},"end":{"line":170,"column":70}},"64":{"start":{"line":171,"column":4},"end":{"line":171,"column":76}},"65":{"start":{"line":175,"column":0},"end":{"line":175,"column":62}}},"fnMap":{"0":{"name":"signup","decl":{"start":{"line":17,"column":15},"end":{"line":17,"column":21}},"loc":{"start":{"line":17,"column":32},"end":{"line":51,"column":1}},"line":17},"1":{"name":"login","decl":{"start":{"line":59,"column":15},"end":{"line":59,"column":20}},"loc":{"start":{"line":59,"column":31},"end":{"line":110,"column":1}},"line":59},"2":{"name":"getProfile","decl":{"start":{"line":116,"column":15},"end":{"line":116,"column":25}},"loc":{"start":{"line":116,"column":36},"end":{"line":142,"column":1}},"line":116},"3":{"name":"updateProfile","decl":{"start":{"line":148,"column":15},"end":{"line":148,"column":28}},"loc":{"start":{"line":148,"column":39},"end":{"line":173,"column":1}},"line":148}},"branchMap":{"0":{"loc":{"start":{"line":19,"column":2},"end":{"line":21,"column":3}},"type":"if","locations":[{"start":{"line":19,"column":2},"end":{"line":21,"column":3}},{"start":{},"end":{}}],"line":19},"1":{"loc":{"start":{"line":19,"column":6},"end":{"line":19,"column":53}},"type":"binary-expr","locations":[{"start":{"line":19,"column":6},"end":{"line":19,"column":14}},{"start":{"line":19,"column":18},"end":{"line":19,"column":32}},{"start":{"line":19,"column":36},"end":{"line":19,"column":53}}],"line":19},"2":{"loc":{"start":{"line":25,"column":19},"end":{"line":25,"column":44}},"type":"binary-expr","locations":[{"start":{"line":25,"column":19},"end":{"line":25,"column":36}},{"start":{"line":25,"column":40},"end":{"line":25,"column":44}}],"line":25},"3":{"loc":{"start":{"line":28,"column":2},"end":{"line":30,"column":3}},"type":"if","locations":[{"start":{"line":28,"column":2},"end":{"line":30,"column":3}},{"start":{},"end":{}}],"line":28},"4":{"loc":{"start":{"line":44,"column":42},"end":{"line":44,"column":60}},"type":"binary-expr","locations":[{"start":{"line":44,"column":42},"end":{"line":44,"column":53}},{"start":{"line":44,"column":57},"end":{"line":44,"column":60}}],"line":44},"5":{"loc":{"start":{"line":46,"column":4},"end":{"line":48,"column":5}},"type":"if","locations":[{"start":{"line":46,"column":4},"end":{"line":48,"column":5}},{"start":{},"end":{}}],"line":46},"6":{"loc":{"start":{"line":46,"column":8},"end":{"line":46,"column":42}},"type":"binary-expr","locations":[{"start":{"line":46,"column":8},"end":{"line":46,"column":11}},{"start":{"line":46,"column":15},"end":{"line":46,"column":42}}],"line":46},"7":{"loc":{"start":{"line":61,"column":2},"end":{"line":63,"column":3}},"type":"if","locations":[{"start":{"line":61,"column":2},"end":{"line":63,"column":3}},{"start":{},"end":{}}],"line":61},"8":{"loc":{"start":{"line":61,"column":6},"end":{"line":61,"column":53}},"type":"binary-expr","locations":[{"start":{"line":61,"column":6},"end":{"line":61,"column":14}},{"start":{"line":61,"column":18},"end":{"line":61,"column":32}},{"start":{"line":61,"column":36},"end":{"line":61,"column":53}}],"line":61},"9":{"loc":{"start":{"line":73,"column":4},"end":{"line":75,"column":5}},"type":"if","locations":[{"start":{"line":73,"column":4},"end":{"line":75,"column":5}},{"start":{},"end":{}}],"line":73},"10":{"loc":{"start":{"line":73,"column":8},"end":{"line":73,"column":34}},"type":"binary-expr","locations":[{"start":{"line":73,"column":8},"end":{"line":73,"column":13}},{"start":{"line":73,"column":17},"end":{"line":73,"column":34}}],"line":73},"11":{"loc":{"start":{"line":81,"column":4},"end":{"line":83,"column":5}},"type":"if","locations":[{"start":{"line":81,"column":4},"end":{"line":83,"column":5}},{"start":{},"end":{}}],"line":81},"12":{"loc":{"start":{"line":107,"column":39},"end":{"line":107,"column":57}},"type":"binary-expr","locations":[{"start":{"line":107,"column":39},"end":{"line":107,"column":50}},{"start":{"line":107,"column":54},"end":{"line":107,"column":57}}],"line":107},"13":{"loc":{"start":{"line":123,"column":4},"end":{"line":125,"column":5}},"type":"if","locations":[{"start":{"line":123,"column":4},"end":{"line":125,"column":5}},{"start":{},"end":{}}],"line":123},"14":{"loc":{"start":{"line":123,"column":8},"end":{"line":123,"column":34}},"type":"binary-expr","locations":[{"start":{"line":123,"column":8},"end":{"line":123,"column":13}},{"start":{"line":123,"column":17},"end":{"line":123,"column":34}}],"line":123},"15":{"loc":{"start":{"line":139,"column":49},"end":{"line":139,"column":67}},"type":"binary-expr","locations":[{"start":{"line":139,"column":49},"end":{"line":139,"column":60}},{"start":{"line":139,"column":64},"end":{"line":139,"column":67}}],"line":139},"16":{"loc":{"start":{"line":153,"column":4},"end":{"line":155,"column":5}},"type":"if","locations":[{"start":{"line":153,"column":4},"end":{"line":155,"column":5}},{"start":{},"end":{}}],"line":153},"17":{"loc":{"start":{"line":160,"column":4},"end":{"line":162,"column":5}},"type":"if","locations":[{"start":{"line":160,"column":4},"end":{"line":162,"column":5}},{"start":{},"end":{}}],"line":160},"18":{"loc":{"start":{"line":170,"column":50},"end":{"line":170,"column":68}},"type":"binary-expr","locations":[{"start":{"line":170,"column":50},"end":{"line":170,"column":61}},{"start":{"line":170,"column":65},"end":{"line":170,"column":68}}],"line":170}},"s":{"0":8,"1":8,"2":8,"3":8,"4":8,"5":8,"6":2,"7":6,"8":6,"9":6,"10":6,"11":1,"12":5,"13":5,"14":4,"15":4,"16":4,"17":4,"18":4,"19":1,"20":3,"21":3,"22":1,"23":2,"24":33,"25":33,"26":1,"27":32,"28":32,"29":32,"30":32,"31":32,"32":30,"33":2,"34":28,"35":28,"36":27,"37":1,"38":26,"39":26,"40":26,"41":3,"42":3,"43":3,"44":3,"45":3,"46":3,"47":3,"48":1,"49":2,"50":2,"51":0,"52":0,"53":5,"54":5,"55":5,"56":5,"57":2,"58":3,"59":3,"60":3,"61":1,"62":2,"63":0,"64":0,"65":8},"f":{"0":8,"1":33,"2":3,"3":5},"b":{"0":[2,6],"1":[8,7,7],"2":[6,0],"3":[1,5],"4":[3,0],"5":[1,2],"6":[3,3],"7":[1,32],"8":[33,33,33],"9":[2,28],"10":[30,30],"11":[1,26],"12":[3,0],"13":[1,2],"14":[3,3],"15":[0,0],"16":[2,3],"17":[1,2],"18":[0,0]},"_coverageSchema":"1a1c01bbd47fc00a2c39e90264f33305004495a9","hash":"f969d420d049cca96bc4cdcf3f6e87d4c1d94c7a"}
,"C:\\Users\\jack0\\Projects\\to-the-pub-backend\\src\\routes\\bars.js": {"path":"C:\\Users\\jack0\\Projects\\to-the-pub-backend\\src\\routes\\bars.js","statementMap":{"0":{"start":{"line":1,"column":16},"end":{"line":1,"column":34}},"1":{"start":{"line":2,"column":15},"end":{"line":2,"column":31}},"2":{"start":{"line":3,"column":23},"end":{"line":3,"column":53}},"3":{"start":{"line":4,"column":44},"end":{"line":4,"column":68}},"4":{"start":{"line":8,"column":0},"end":{"line":8,"column":57}},"5":{"start":{"line":10,"column":0},"end":{"line":10,"column":56}},"6":{"start":{"line":14,"column":0},"end":{"line":14,"column":62}},"7":{"start":{"line":16,"column":0},"end":{"line":16,"column":64}},"8":{"start":{"line":18,"column":0},"end":{"line":18,"column":67}},"9":{"start":{"line":20,"column":0},"end":{"line":20,"column":24}}},"fnMap":{},"branchMap":{},"s":{"0":8,"1":8,"2":8,"3":8,"4":8,"5":8,"6":8,"7":8,"8":8,"9":8},"f":{},"b":{},"_coverageSchema":"1a1c01bbd47fc00a2c39e90264f33305004495a9","hash":"726ea55a9329520ccfa25a598a4e44476ac65a70"}
,"C:\\Users\\jack0\\Projects\\to-the-pub-backend\\src\\routes\\tags.js": {"path":"C:\\Users\\jack0\\Projects\\to-the-pub-backend\\src\\routes\\tags.js","statementMap":{"0":{"start":{"line":1,"column":16},"end":{"line":1,"column":34}},"1":{"start":{"line":2,"column":15},"end":{"line":2,"column":31}},"2":{"start":{"line":3,"column":23},"end":{"line":3,"column":53}},"3":{"start":{"line":4,"column":30},"end":{"line":4,"column":54}},"4":{"start":{"line":8,"column":0},"end":{"line":8,"column":43}},"5":{"start":{"line":12,"column":0},"end":{"line":12,"column":62}},"6":{"start":{"line":14,"column":0},"end":{"line":14,"column":64}},"7":{"start":{"line":16,"column":0},"end":{"line":16,"column":67}},"8":{"start":{"line":18,"column":0},"end":{"line":18,"column":24}}},"fnMap":{},"branchMap":{},"s":{"0":8,"1":8,"2":8,"3":8,"4":8,"5":8,"6":8,"7":8,"8":8},"f":{},"b":{},"_coverageSchema":"1a1c01bbd47fc00a2c39e90264f33305004495a9","hash":"15e6270371e94b720ed14303c162e98e4b79e43d"}
,"C:\\Users\\jack0\\Projects\\to-the-pub-backend\\src\\routes\\users.js": {"path":"C:\\Users\\jack0\\Projects\\to-the-pub-backend\\src\\routes\\users.js","statementMap":{"0":{"start":{"line":1,"column":16},"end":{"line":1,"column":34}},"1":{"start":{"line":2,"column":15},"end":{"line":2,"column":31}},"2":{"start":{"line":3,"column":24},"end":{"line":3,"column":55}},"3":{"start":{"line":4,"column":30},"end":{"line":4,"column":54}},"4":{"start":{"line":8,"column":0},"end":{"line":8,"column":41}},"5":{"start":{"line":10,"column":0},"end":{"line":10,"column":45}},"6":{"start":{"line":14,"column":0},"end":{"line":14,"column":70}},"7":{"start":{"line":16,"column":0},"end":{"line":16,"column":73}},"8":{"start":{"line":18,"column":0},"end":{"line":18,"column":24}}},"fnMap":{},"branchMap":{},"s":{"0":8,"1":8,"2":8,"3":8,"4":8,"5":8,"6":8,"7":8,"8":8},"f":{},"b":{},"_coverageSchema":"1a1c01bbd47fc00a2c39e90264f33305004495a9","hash":"4aa027a1f3faa18f0d7aca1c442c6f0e6aae489c"}
,"C:\\Users\\jack0\\Projects\\to-the-pub-backend\\src\\utils\\auth.js": {"path":"C:\\Users\\jack0\\Projects\\to-the-pub-backend\\src\\utils\\auth.js","statementMap":{"0":{"start":{"line":1,"column":12},"end":{"line":1,"column":35}},"1":{"start":{"line":2,"column":0},"end":{"line":2,"column":27}},"2":{"start":{"line":14,"column":26},"end":{"line":71,"column":1}},"3":{"start":{"line":16,"column":23},"end":{"line":16,"column":51}},"4":{"start":{"line":19,"column":4},"end":{"line":24,"column":5}},"5":{"start":{"line":20,"column":8},"end":{"line":23,"column":11}},"6":{"start":{"line":27,"column":18},"end":{"line":27,"column":41}},"7":{"start":{"line":30,"column":4},"end":{"line":35,"column":5}},"8":{"start":{"line":31,"column":8},"end":{"line":34,"column":11}},"9":{"start":{"line":37,"column":4},"end":{"line":70,"column":5}},"10":{"start":{"line":39,"column":24},"end":{"line":39,"column":65}},"11":{"start":{"line":42,"column":8},"end":{"line":42,"column":27}},"12":{"start":{"line":45,"column":8},"end":{"line":45,"column":15}},"13":{"start":{"line":49,"column":8},"end":{"line":69,"column":9}},"14":{"start":{"line":50,"column":12},"end":{"line":53,"column":15}},"15":{"start":{"line":54,"column":15},"end":{"line":69,"column":9}},"16":{"start":{"line":55,"column":12},"end":{"line":58,"column":15}},"17":{"start":{"line":59,"column":15},"end":{"line":69,"column":9}},"18":{"start":{"line":60,"column":12},"end":{"line":63,"column":15}},"19":{"start":{"line":65,"column":12},"end":{"line":68,"column":15}},"20":{"start":{"line":84,"column":21},"end":{"line":109,"column":1}},"21":{"start":{"line":85,"column":23},"end":{"line":85,"column":51}},"22":{"start":{"line":88,"column":4},"end":{"line":90,"column":5}},"23":{"start":{"line":89,"column":8},"end":{"line":89,"column":22}},"24":{"start":{"line":92,"column":18},"end":{"line":92,"column":41}},"25":{"start":{"line":95,"column":4},"end":{"line":97,"column":5}},"26":{"start":{"line":96,"column":8},"end":{"line":96,"column":22}},"27":{"start":{"line":99,"column":4},"end":{"line":106,"column":5}},"28":{"start":{"line":101,"column":24},"end":{"line":101,"column":65}},"29":{"start":{"line":102,"column":8},"end":{"line":102,"column":27}},"30":{"start":{"line":105,"column":8},"end":{"line":105,"column":69}},"31":{"start":{"line":108,"column":4},"end":{"line":108,"column":11}},"32":{"start":{"line":111,"column":0},"end":{"line":114,"column":2}}},"fnMap":{"0":{"name":"(anonymous_0)","decl":{"start":{"line":14,"column":26},"end":{"line":14,"column":27}},"loc":{"start":{"line":14,"column":46},"end":{"line":71,"column":1}},"line":14},"1":{"name":"(anonymous_1)","decl":{"start":{"line":84,"column":21},"end":{"line":84,"column":22}},"loc":{"start":{"line":84,"column":41},"end":{"line":109,"column":1}},"line":84}},"branchMap":{"0":{"loc":{"start":{"line":19,"column":4},"end":{"line":24,"column":5}},"type":"if","locations":[{"start":{"line":19,"column":4},"end":{"line":24,"column":5}},{"start":{},"end":{}}],"line":19},"1":{"loc":{"start":{"line":19,"column":8},"end":{"line":19,"column":56}},"type":"binary-expr","locations":[{"start":{"line":19,"column":8},"end":{"line":19,"column":19}},{"start":{"line":19,"column":23},"end":{"line":19,"column":56}}],"line":19},"2":{"loc":{"start":{"line":30,"column":4},"end":{"line":35,"column":5}},"type":"if","locations":[{"start":{"line":30,"column":4},"end":{"line":35,"column":5}},{"start":{},"end":{}}],"line":30},"3":{"loc":{"start":{"line":49,"column":8},"end":{"line":69,"column":9}},"type":"if","locations":[{"start":{"line":49,"column":8},"end":{"line":69,"column":9}},{"start":{"line":54,"column":15},"end":{"line":69,"column":9}}],"line":49},"4":{"loc":{"start":{"line":54,"column":15},"end":{"line":69,"column":9}},"type":"if","locations":[{"start":{"line":54,"column":15},"end":{"line":69,"column":9}},{"start":{"line":59,"column":15},"end":{"line":69,"column":9}}],"line":54},"5":{"loc":{"start":{"line":59,"column":15},"end":{"line":69,"column":9}},"type":"if","locations":[{"start":{"line":59,"column":15},"end":{"line":69,"column":9}},{"start":{"line":64,"column":15},"end":{"line":69,"column":9}}],"line":59},"6":{"loc":{"start":{"line":88,"column":4},"end":{"line":90,"column":5}},"type":"if","locations":[{"start":{"line":88,"column":4},"end":{"line":90,"column":5}},{"start":{},"end":{}}],"line":88},"7":{"loc":{"start":{"line":88,"column":8},"end":{"line":88,"column":56}},"type":"binary-expr","locations":[{"start":{"line":88,"column":8},"end":{"line":88,"column":19}},{"start":{"line":88,"column":23},"end":{"line":88,"column":56}}],"line":88},"8":{"loc":{"start":{"line":95,"column":4},"end":{"line":97,"column":5}},"type":"if","locations":[{"start":{"line":95,"column":4},"end":{"line":97,"column":5}},{"start":{},"end":{}}],"line":95}},"s":{"0":9,"1":9,"2":9,"3":100,"4":100,"5":22,"6":78,"7":78,"8":1,"9":77,"10":77,"11":62,"12":62,"13":15,"14":4,"15":11,"16":8,"17":3,"18":1,"19":2,"20":9,"21":24,"22":24,"23":15,"24":9,"25":9,"26":1,"27":8,"28":8,"29":3,"30":5,"31":8,"32":9},"f":{"0":100,"1":24},"b":{"0":[22,78],"1":[100,84],"2":[1,77],"3":[4,11],"4":[8,3],"5":[1,2],"6":[15,9],"7":[24,10],"8":[1,8]},"_coverageSchema":"1a1c01bbd47fc00a2c39e90264f33305004495a9","hash":"3c645c0428994458452589b3e3f85f1595fb2793"}
,"C:\\Users\\jack0\\Projects\\to-the-pub-backend\\src\\utils\\db.js": {"path":"C:\\Users\\jack0\\Projects\\to-the-pub-backend\\src\\utils\\db.js","statementMap":{"0":{"start":{"line":1,"column":14},"end":{"line":1,"column":39}},"1":{"start":{"line":2,"column":17},"end":{"line":2,"column":49}},"2":{"start":{"line":5,"column":13},"end":{"line":14,"column":2}},"3":{"start":{"line":16,"column":0},"end":{"line":16,"column":22}}},"fnMap":{},"branchMap":{"0":{"loc":{"start":{"line":12,"column":19},"end":{"line":12,"column":49}},"type":"binary-expr","locations":[{"start":{"line":12,"column":19},"end":{"line":12,"column":43}},{"start":{"line":12,"column":47},"end":{"line":12,"column":49}}],"line":12},"1":{"loc":{"start":{"line":13,"column":11},"end":{"line":13,"column":40}},"type":"binary-expr","locations":[{"start":{"line":13,"column":11},"end":{"line":13,"column":27}},{"start":{"line":13,"column":31},"end":{"line":13,"column":40}}],"line":13}},"s":{"0":9,"1":9,"2":9,"3":9},"f":{},"b":{"0":[9,0],"1":[9,0]},"_coverageSchema":"1a1c01bbd47fc00a2c39e90264f33305004495a9","hash":"f37fe8b52f1192e5c89a1a713f8476d3c8ae8fec"}
}
