TN:
SF:src\app.js
FNF:0
FNH:0
DA:1,8
DA:2,8
DA:3,8
DA:6,8
DA:9,8
DA:10,8
DA:11,8
DA:15,8
DA:16,8
DA:20,8
DA:23,8
DA:25,8
DA:27,8
DA:29,8
LF:14
LH:14
BRF:0
BRH:0
end_of_record
TN:
SF:src\controllers\bars.js
FN:23,createBar
FN:97,getAllBars
FN:118,(anonymous_2)
FN:120,(anonymous_3)
FN:143,getBar
FN:173,(anonymous_5)
FN:196,updateBar
FN:304,deleteBar
FNF:8
FNH:8
FNDA:9,createBar
FNDA:8,getAllBars
FNDA:3,(anonymous_2)
FNDA:2,(anonymous_3)
FNDA:5,getBar
FNDA:2,(anonymous_5)
FNDA:6,updateBar
FNDA:5,deleteBar
DA:1,8
DA:2,8
DA:24,9
DA:28,9
DA:29,3
DA:32,6
DA:33,6
DA:34,6
DA:36,6
DA:37,6
DA:38,6
DA:54,6
DA:57,5
DA:58,3
DA:59,3
DA:60,4
DA:61,4
DA:69,4
DA:74,5
DA:75,3
DA:76,3
DA:77,4
DA:81,5
DA:83,5
DA:85,1
DA:86,1
DA:87,1
DA:89,6
DA:98,8
DA:99,8
DA:115,8
DA:118,5
DA:121,2
DA:122,2
DA:132,5
DA:134,3
DA:135,3
DA:144,5
DA:145,5
DA:147,5
DA:162,5
DA:164,4
DA:165,2
DA:168,2
DA:171,2
DA:174,2
DA:175,2
DA:185,2
DA:187,1
DA:188,1
DA:197,6
DA:198,6
DA:199,6
DA:200,6
DA:203,6
DA:204,6
DA:206,6
DA:207,2
DA:210,4
DA:211,4
DA:212,4
DA:215,4
DA:233,4
DA:250,3
DA:252,1
DA:255,1
DA:256,1
DA:257,1
DA:258,1
DA:270,3
DA:272,0
DA:275,0
DA:276,0
DA:277,0
DA:281,3
DA:283,3
DA:289,1
DA:290,1
DA:292,4
DA:295,1
DA:296,1
DA:305,5
DA:306,5
DA:307,5
DA:309,5
DA:310,5
DA:312,4
DA:313,2
DA:316,2
DA:322,1
DA:323,1
DA:327,8
LF:92
LH:88
BRDA:28,0,0,3
BRDA:28,0,1,6
BRDA:28,1,0,9
BRDA:28,1,1,9
BRDA:28,1,2,8
BRDA:28,1,3,6
BRDA:28,1,4,6
BRDA:28,1,5,6
BRDA:41,2,0,6
BRDA:41,2,1,4
BRDA:46,3,0,6
BRDA:46,3,1,4
BRDA:47,4,0,6
BRDA:47,4,1,4
BRDA:48,5,0,6
BRDA:48,5,1,3
BRDA:49,6,0,6
BRDA:49,6,1,3
BRDA:50,7,0,6
BRDA:50,7,1,4
BRDA:51,8,0,6
BRDA:51,8,1,4
BRDA:52,9,0,0
BRDA:52,9,1,6
BRDA:57,10,0,3
BRDA:57,10,1,2
BRDA:65,11,0,4
BRDA:65,11,1,0
BRDA:66,12,0,4
BRDA:66,12,1,0
BRDA:67,13,0,0
BRDA:67,13,1,4
BRDA:74,14,0,3
BRDA:74,14,1,2
BRDA:86,15,0,1
BRDA:86,15,1,0
BRDA:120,16,0,1
BRDA:120,16,1,2
BRDA:129,17,0,1
BRDA:129,17,1,2
BRDA:134,18,0,3
BRDA:134,18,1,0
BRDA:164,19,0,2
BRDA:164,19,1,2
BRDA:164,20,0,4
BRDA:164,20,1,4
BRDA:173,21,0,1
BRDA:173,21,1,1
BRDA:182,22,0,1
BRDA:182,22,1,1
BRDA:187,23,0,1
BRDA:187,23,1,0
BRDA:206,24,0,2
BRDA:206,24,1,4
BRDA:206,25,0,6
BRDA:206,25,1,6
BRDA:234,26,0,4
BRDA:234,26,1,0
BRDA:235,27,0,4
BRDA:235,27,1,1
BRDA:236,28,0,4
BRDA:236,28,1,3
BRDA:237,29,0,4
BRDA:237,29,1,4
BRDA:238,30,0,4
BRDA:238,30,1,4
BRDA:239,31,0,4
BRDA:239,31,1,4
BRDA:240,32,0,4
BRDA:240,32,1,4
BRDA:241,33,0,4
BRDA:241,33,1,4
BRDA:242,34,0,4
BRDA:242,34,1,0
BRDA:243,35,0,4
BRDA:243,35,1,4
BRDA:244,36,0,4
BRDA:244,36,1,4
BRDA:245,37,0,4
BRDA:245,37,1,4
BRDA:250,38,0,1
BRDA:250,38,1,2
BRDA:262,39,0,1
BRDA:262,39,1,0
BRDA:263,40,0,1
BRDA:263,40,1,0
BRDA:264,41,0,0
BRDA:264,41,1,1
BRDA:270,42,0,0
BRDA:270,42,1,3
BRDA:295,43,0,1
BRDA:295,43,1,0
BRDA:312,44,0,2
BRDA:312,44,1,2
BRDA:322,45,0,1
BRDA:322,45,1,0
BRF:96
BRH:81
end_of_record
TN:
SF:src\controllers\tags.js
FN:8,getAllTags
FN:23,createTag
FN:62,updateTag
FN:105,deleteTag
FNF:4
FNH:4
FNDA:10,getAllTags
FNDA:11,createTag
FNDA:9,updateTag
FNDA:9,deleteTag
DA:1,8
DA:2,8
DA:9,10
DA:10,10
DA:11,7
DA:13,3
DA:14,3
DA:24,11
DA:25,11
DA:26,11
DA:28,11
DA:29,3
DA:32,8
DA:33,8
DA:35,8
DA:41,5
DA:47,3
DA:50,3
DA:51,2
DA:54,1
DA:63,9
DA:64,9
DA:65,9
DA:66,9
DA:68,9
DA:69,2
DA:72,7
DA:73,7
DA:79,6
DA:80,3
DA:83,3
DA:89,1
DA:92,1
DA:93,1
DA:96,0
DA:106,9
DA:107,9
DA:108,9
DA:111,9
DA:112,9
DA:114,8
DA:115,2
DA:120,6
DA:121,6
DA:123,5
DA:124,3
DA:127,2
DA:133,2
DA:134,2
DA:138,8
LF:50
LH:49
BRDA:13,0,0,3
BRDA:13,0,1,0
BRDA:28,1,0,3
BRDA:28,1,1,8
BRDA:38,2,0,5
BRDA:38,2,1,3
BRDA:44,3,0,5
BRDA:44,3,1,2
BRDA:47,4,0,3
BRDA:47,4,1,0
BRDA:50,5,0,2
BRDA:50,5,1,1
BRDA:50,6,0,3
BRDA:50,6,1,3
BRDA:68,7,0,2
BRDA:68,7,1,7
BRDA:75,8,0,2
BRDA:75,8,1,5
BRDA:79,9,0,3
BRDA:79,9,1,3
BRDA:86,10,0,3
BRDA:86,10,1,1
BRDA:89,11,0,1
BRDA:89,11,1,0
BRDA:92,12,0,1
BRDA:92,12,1,0
BRDA:92,13,0,1
BRDA:92,13,1,1
BRDA:114,14,0,2
BRDA:114,14,1,6
BRDA:123,15,0,3
BRDA:123,15,1,2
BRDA:133,16,0,2
BRDA:133,16,1,0
BRF:34
BRH:29
end_of_record
TN:
SF:src\controllers\users.js
FN:17,signup
FN:59,login
FN:116,getProfile
FN:148,updateProfile
FNF:4
FNH:4
FNDA:8,signup
FNDA:33,login
FNDA:3,getProfile
FNDA:5,updateProfile
DA:1,8
DA:2,8
DA:3,8
DA:4,8
DA:18,8
DA:19,8
DA:20,2
DA:23,6
DA:24,6
DA:25,6
DA:28,6
DA:29,1
DA:33,5
DA:34,5
DA:36,4
DA:37,4
DA:39,4
DA:40,4
DA:41,4
DA:42,1
DA:44,3
DA:46,3
DA:47,1
DA:49,2
DA:60,33
DA:61,33
DA:62,1
DA:65,32
DA:66,32
DA:68,32
DA:70,32
DA:72,32
DA:73,30
DA:74,2
DA:77,28
DA:80,28
DA:81,27
DA:82,1
DA:86,26
DA:92,26
DA:97,26
DA:107,3
DA:108,3
DA:117,3
DA:118,3
DA:120,3
DA:121,3
DA:123,3
DA:124,1
DA:127,2
DA:128,2
DA:139,0
DA:140,0
DA:149,5
DA:150,5
DA:151,5
DA:153,5
DA:154,2
DA:157,3
DA:158,3
DA:160,3
DA:161,1
DA:164,2
DA:170,0
DA:171,0
DA:175,8
LF:66
LH:62
BRDA:19,0,0,2
BRDA:19,0,1,6
BRDA:19,1,0,8
BRDA:19,1,1,7
BRDA:19,1,2,7
BRDA:25,2,0,6
BRDA:25,2,1,0
BRDA:28,3,0,1
BRDA:28,3,1,5
BRDA:44,4,0,3
BRDA:44,4,1,0
BRDA:46,5,0,1
BRDA:46,5,1,2
BRDA:46,6,0,3
BRDA:46,6,1,3
BRDA:61,7,0,1
BRDA:61,7,1,32
BRDA:61,8,0,33
BRDA:61,8,1,33
BRDA:61,8,2,33
BRDA:73,9,0,2
BRDA:73,9,1,28
BRDA:73,10,0,30
BRDA:73,10,1,30
BRDA:81,11,0,1
BRDA:81,11,1,26
BRDA:107,12,0,3
BRDA:107,12,1,0
BRDA:123,13,0,1
BRDA:123,13,1,2
BRDA:123,14,0,3
BRDA:123,14,1,3
BRDA:139,15,0,0
BRDA:139,15,1,0
BRDA:153,16,0,2
BRDA:153,16,1,3
BRDA:160,17,0,1
BRDA:160,17,1,2
BRDA:170,18,0,0
BRDA:170,18,1,0
BRF:40
BRH:33
end_of_record
TN:
SF:src\routes\bars.js
FNF:0
FNH:0
DA:1,8
DA:2,8
DA:3,8
DA:4,8
DA:8,8
DA:10,8
DA:14,8
DA:16,8
DA:18,8
DA:20,8
LF:10
LH:10
BRF:0
BRH:0
end_of_record
TN:
SF:src\routes\tags.js
FNF:0
FNH:0
DA:1,8
DA:2,8
DA:3,8
DA:4,8
DA:8,8
DA:12,8
DA:14,8
DA:16,8
DA:18,8
LF:9
LH:9
BRF:0
BRH:0
end_of_record
TN:
SF:src\routes\users.js
FNF:0
FNH:0
DA:1,8
DA:2,8
DA:3,8
DA:4,8
DA:8,8
DA:10,8
DA:14,8
DA:16,8
DA:18,8
LF:9
LH:9
BRF:0
BRH:0
end_of_record
TN:
SF:src\utils\auth.js
FN:14,(anonymous_0)
FN:84,(anonymous_1)
FNF:2
FNH:2
FNDA:100,(anonymous_0)
FNDA:24,(anonymous_1)
DA:1,9
DA:2,9
DA:14,9
DA:16,100
DA:19,100
DA:20,22
DA:27,78
DA:30,78
DA:31,1
DA:37,77
DA:39,77
DA:42,62
DA:45,62
DA:49,15
DA:50,4
DA:54,11
DA:55,8
DA:59,3
DA:60,1
DA:65,2
DA:84,9
DA:85,24
DA:88,24
DA:89,15
DA:92,9
DA:95,9
DA:96,1
DA:99,8
DA:101,8
DA:102,3
DA:105,5
DA:108,8
DA:111,9
LF:33
LH:33
BRDA:19,0,0,22
BRDA:19,0,1,78
BRDA:19,1,0,100
BRDA:19,1,1,84
BRDA:30,2,0,1
BRDA:30,2,1,77
BRDA:49,3,0,4
BRDA:49,3,1,11
BRDA:54,4,0,8
BRDA:54,4,1,3
BRDA:59,5,0,1
BRDA:59,5,1,2
BRDA:88,6,0,15
BRDA:88,6,1,9
BRDA:88,7,0,24
BRDA:88,7,1,10
BRDA:95,8,0,1
BRDA:95,8,1,8
BRF:18
BRH:18
end_of_record
TN:
SF:src\utils\db.js
FNF:0
FNH:0
DA:1,9
DA:2,9
DA:5,9
DA:16,9
LF:4
LH:4
BRDA:12,0,0,9
BRDA:12,0,1,0
BRDA:13,1,0,9
BRDA:13,1,1,0
BRF:4
BRH:2
end_of_record
